[INFO  - 2016-03-01T19:17:30.683Z] GhostDriver - Main - running on port 47630
[INFO  - 2016-03-01T19:17:30.968Z] Session [3e8ba410-dfe2-11e5-9fa8-916af09e7d45] - page.settings - {"XSSAuditingEnabled":false,"javascriptCanCloseWindows":true,"javascriptCanOpenWindows":true,"javascriptEnabled":true,"loadImages":true,"localToRemoteUrlAccessEnabled":false,"userAgent":"Mozilla/5.0 (Unknown; Linux x86_64) AppleWebKit/538.1 (KHTML, like Gecko) PhantomJS/2.1.1 Safari/538.1","webSecurityEnabled":true}
[INFO  - 2016-03-01T19:17:30.968Z] Session [3e8ba410-dfe2-11e5-9fa8-916af09e7d45] - page.customHeaders:  - {}
[INFO  - 2016-03-01T19:17:30.969Z] Session [3e8ba410-dfe2-11e5-9fa8-916af09e7d45] - Session.negotiatedCapabilities - {"browserName":"phantomjs","version":"2.1.1","driverName":"ghostdriver","driverVersion":"1.2.0","platform":"linux-unknown-64bit","javascriptEnabled":true,"takesScreenshot":true,"handlesAlerts":false,"databaseEnabled":false,"locationContextEnabled":false,"applicationCacheEnabled":false,"browserConnectionEnabled":false,"cssSelectorsEnabled":true,"webStorageEnabled":false,"rotatable":false,"acceptSslCerts":false,"nativeEvents":true,"proxy":{"proxyType":"direct"}}
[INFO  - 2016-03-01T19:17:30.969Z] SessionManagerReqHand - _postNewSessionCommand - New Session Created: 3e8ba410-dfe2-11e5-9fa8-916af09e7d45
[ERROR - 2016-03-01T19:17:40.709Z] WebElementLocator - _handleLocateCommand - Element(s) NOT Found: GAVE UP. Search Stop Time: 1456859860604

  phantomjs://platform/console++.js:263 in error
[ERROR - 2016-03-01T19:17:43.947Z] WebElementLocator - _handleLocateCommand - Element(s) NOT Found: GAVE UP. Search Stop Time: 1456859863918

  phantomjs://platform/console++.js:263 in error
[ERROR - 2016-03-01T19:17:44.220Z] Session [3e8ba410-dfe2-11e5-9fa8-916af09e7d45] - page.onError - msg: Error: Script error for: shared/scripts/libs/iso8601/iso8601
http://requirejs.org/docs/errors.html#scripterror

  phantomjs://platform/console++.js:263 in error
[ERROR - 2016-03-01T19:17:44.220Z] Session [3e8ba410-dfe2-11e5-9fa8-916af09e7d45] - page.onError - stack:
  defaultOnError (undefined:141)
  onError (:545)
  onScriptError (:1689)

  phantomjs://platform/console++.js:263 in error
[ERROR - 2016-03-01T19:17:46.133Z] WebElementLocator - _handleLocateCommand - Element(s) NOT Found: GAVE UP. Search Stop Time: 1456859865749

  phantomjs://platform/console++.js:263 in error
[ERROR - 2016-03-01T19:17:46.818Z] WebElementLocator - _handleLocateCommand - Element(s) NOT Found: GAVE UP. Search Stop Time: 1456859866741

  phantomjs://platform/console++.js:263 in error
[ERROR - 2016-03-01T19:17:47.393Z] WebElementLocator - _handleLocateCommand - Element(s) NOT Found: GAVE UP. Search Stop Time: 1456859867387

  phantomjs://platform/console++.js:263 in error
[ERROR - 2016-03-01T19:17:48.049Z] WebElementLocator - _handleLocateCommand - Element(s) NOT Found: GAVE UP. Search Stop Time: 1456859868040

  phantomjs://platform/console++.js:263 in error
[ERROR - 2016-03-01T19:17:48.730Z] WebElementLocator - _handleLocateCommand - Element(s) NOT Found: GAVE UP. Search Stop Time: 1456859868682

  phantomjs://platform/console++.js:263 in error
[ERROR - 2016-03-01T19:17:50.574Z] WebElementLocator - _handleLocateCommand - Element(s) NOT Found: GAVE UP. Search Stop Time: 1456859870545

  phantomjs://platform/console++.js:263 in error
[ERROR - 2016-03-01T19:17:57.780Z] WebElementLocator - _handleLocateCommand - Element(s) NOT Found: GAVE UP. Search Stop Time: 1456859877760

  phantomjs://platform/console++.js:263 in error
[ERROR - 2016-03-01T19:17:59.328Z] WebElementLocator - _handleLocateCommand - Element(s) NOT Found: GAVE UP. Search Stop Time: 1456859879310

  phantomjs://platform/console++.js:263 in error
[ERROR - 2016-03-01T19:18:00.882Z] WebElementLocator - _handleLocateCommand - Element(s) NOT Found: GAVE UP. Search Stop Time: 1456859880861

  phantomjs://platform/console++.js:263 in error
[ERROR - 2016-03-01T19:18:02.450Z] WebElementLocator - _handleLocateCommand - Element(s) NOT Found: GAVE UP. Search Stop Time: 1456859882431

  phantomjs://platform/console++.js:263 in error
[ERROR - 2016-03-01T19:18:04.002Z] WebElementLocator - _handleLocateCommand - Element(s) NOT Found: GAVE UP. Search Stop Time: 1456859883979

  phantomjs://platform/console++.js:263 in error
[ERROR - 2016-03-01T19:18:05.504Z] WebElementLocator - _handleLocateCommand - Element(s) NOT Found: GAVE UP. Search Stop Time: 1456859885486

  phantomjs://platform/console++.js:263 in error
[ERROR - 2016-03-01T19:18:11.509Z] WebElementLocator - _handleLocateCommand - Element(s) NOT Found: GAVE UP. Search Stop Time: 1456859891490

  phantomjs://platform/console++.js:263 in error
[ERROR - 2016-03-01T19:18:13.204Z] WebElementLocator - _handleLocateCommand - Element(s) NOT Found: GAVE UP. Search Stop Time: 1456859893185

  phantomjs://platform/console++.js:263 in error
[ERROR - 2016-03-01T19:18:15.167Z] WebElementLocator - _handleLocateCommand - Element(s) NOT Found: GAVE UP. Search Stop Time: 1456859895148

  phantomjs://platform/console++.js:263 in error
[ERROR - 2016-03-01T19:18:16.910Z] WebElementLocator - _handleLocateCommand - Element(s) NOT Found: GAVE UP. Search Stop Time: 1456859896889

  phantomjs://platform/console++.js:263 in error
[ERROR - 2016-03-01T19:18:18.520Z] WebElementLocator - _handleLocateCommand - Element(s) NOT Found: GAVE UP. Search Stop Time: 1456859898501

  phantomjs://platform/console++.js:263 in error
[ERROR - 2016-03-01T19:18:20.133Z] WebElementLocator - _handleLocateCommand - Element(s) NOT Found: GAVE UP. Search Stop Time: 1456859900112

  phantomjs://platform/console++.js:263 in error
[ERROR - 2016-03-01T19:18:21.766Z] WebElementLocator - _handleLocateCommand - Element(s) NOT Found: GAVE UP. Search Stop Time: 1456859901745

  phantomjs://platform/console++.js:263 in error
[ERROR - 2016-03-01T19:18:23.406Z] WebElementLocator - _handleLocateCommand - Element(s) NOT Found: GAVE UP. Search Stop Time: 1456859903386

  phantomjs://platform/console++.js:263 in error
[ERROR - 2016-03-01T19:18:24.920Z] WebElementLocator - _handleLocateCommand - Element(s) NOT Found: GAVE UP. Search Stop Time: 1456859904917

  phantomjs://platform/console++.js:263 in error
[ERROR - 2016-03-01T19:18:26.853Z] WebElementLocator - _handleLocateCommand - Element(s) NOT Found: GAVE UP. Search Stop Time: 1456859906833

  phantomjs://platform/console++.js:263 in error
[ERROR - 2016-03-01T19:18:28.654Z] WebElementLocator - _handleLocateCommand - Element(s) NOT Found: GAVE UP. Search Stop Time: 1456859908621

  phantomjs://platform/console++.js:263 in error
